<?xml version="1.0" encoding="UTF-8"?>
<!-- Generated by org.testng.reporters.JUnitReportReporter -->
<testsuite hostname="Macbook-Pro.local" failures="0" tests="1" name="pomfilewrk.naistam.Xpathp" time="0.643" errors="0" timestamp="2022-05-05T14:21:40 IST" skipped="0">
  <testcase classname="pomfilewrk.naistam.Xpathp" name="methods1" time="0.643"/>
  <system-out/>
</testsuite> <!-- pomfilewrk.naistam.Xpathp -->
